c:\users\nuno\desktop\school\cgj\cgj_dir\projects\firstproject\x64\debug\vc141.pdb
c:\users\nuno\desktop\school\cgj\cgj_dir\projects\firstproject\x64\debug\vc141.idb
c:\users\nuno\desktop\school\cgj\cgj_dir\projects\firstproject\x64\debug\properties.obj
c:\users\nuno\desktop\school\cgj\cgj_dir\projects\firstproject\x64\debug\vector.obj
c:\users\nuno\desktop\school\cgj\cgj_dir\projects\firstproject\x64\debug\test.obj
c:\users\nuno\desktop\school\cgj\cgj_dir\projects\firstproject\x64\debug\shape.obj
c:\users\nuno\desktop\school\cgj\cgj_dir\projects\firstproject\x64\debug\shader.obj
c:\users\nuno\desktop\school\cgj\cgj_dir\projects\firstproject\x64\debug\matrix.obj
c:\users\nuno\desktop\school\cgj\cgj_dir\projects\firstproject\x64\debug\2-hello2dworld.obj
c:\users\nuno\desktop\school\cgj\cgj_dir\projects\firstproject\x64\debug\3-hello3dworld.obj
c:\users\nuno\desktop\school\cgj\cgj_dir\bin\x64\firstproject.exe
c:\users\nuno\desktop\school\cgj\cgj_dir\bin\x64\firstproject.ilk
c:\users\nuno\desktop\school\cgj\cgj_dir\bin\x64\firstproject.pdb
c:\users\nuno\desktop\school\cgj\cgj_dir\projects\\..\bin\x64\firstproject.pdb
c:\users\nuno\desktop\school\cgj\cgj_dir\projects\firstproject\x64\debug\firstproject.tlog\cl.command.1.tlog
c:\users\nuno\desktop\school\cgj\cgj_dir\projects\firstproject\x64\debug\firstproject.tlog\cl.read.1.tlog
c:\users\nuno\desktop\school\cgj\cgj_dir\projects\firstproject\x64\debug\firstproject.tlog\cl.write.1.tlog
c:\users\nuno\desktop\school\cgj\cgj_dir\projects\firstproject\x64\debug\firstproject.tlog\link-cvtres.read.1.tlog
c:\users\nuno\desktop\school\cgj\cgj_dir\projects\firstproject\x64\debug\firstproject.tlog\link-cvtres.write.1.tlog
c:\users\nuno\desktop\school\cgj\cgj_dir\projects\firstproject\x64\debug\firstproject.tlog\link-rc.read.1.tlog
c:\users\nuno\desktop\school\cgj\cgj_dir\projects\firstproject\x64\debug\firstproject.tlog\link-rc.write.1.tlog
c:\users\nuno\desktop\school\cgj\cgj_dir\projects\firstproject\x64\debug\firstproject.tlog\link.command.1.tlog
c:\users\nuno\desktop\school\cgj\cgj_dir\projects\firstproject\x64\debug\firstproject.tlog\link.read.1.tlog
c:\users\nuno\desktop\school\cgj\cgj_dir\projects\firstproject\x64\debug\firstproject.tlog\link.write.1.tlog
